<?xml version="1.0" encoding="UTF-8"?>
<!-- Generated by org.testng.reporters.JUnitReportReporter -->
<testsuite hostname="AIPLLTH372" name="com.app.testcases.WriteExcelDatautils" tests="2" failures="0" timestamp="16 Nov 2021 10:53:45 GMT" time="1.183" errors="0">
  <testcase name="inRandoutward" time="0.599" classname="com.app.testcases.WriteExcelDatautils"/>
  <testcase name="inRandpanindia" time="0.584" classname="com.app.testcases.WriteExcelDatautils"/>
</testsuite> <!-- com.app.testcases.WriteExcelDatautils -->
