<?xml version="1.0" encoding="UTF-8"?>
<!-- Generated by org.testng.reporters.JUnitReportReporter -->
<testsuite hostname="AIPLLTH372" name="com.app.testcases.EwayBillPageTest" tests="1" failures="0" timestamp="2 Nov 2021 07:07:41 GMT" time="70.268" errors="0">
  <testcase name="EwayBillTest" time="70.268" classname="com.app.testcases.EwayBillPageTest"/>
</testsuite> <!-- com.app.testcases.EwayBillPageTest -->
