<?xml version="1.0" encoding="UTF-8"?>
<!-- Generated by org.testng.reporters.JUnitReportReporter -->
<testsuite hostname="AIPLLTH372" name="com.app.testcases.LocationcreationTest" tests="100" failures="0" timestamp="12 Nov 2021 06:17:29 GMT" time="2149.453" errors="0">
  <testcase name="locationCreationTest" time="20.668" classname="com.app.testcases.LocationcreationTest"/>
  <testcase name="locationCreationTest" time="23.474" classname="com.app.testcases.LocationcreationTest"/>
  <testcase name="locationCreationTest" time="22.166" classname="com.app.testcases.LocationcreationTest"/>
  <testcase name="locationCreationTest" time="22.039" classname="com.app.testcases.LocationcreationTest"/>
  <testcase name="locationCreationTest" time="22.863" classname="com.app.testcases.LocationcreationTest"/>
  <testcase name="locationCreationTest" time="22.305" classname="com.app.testcases.LocationcreationTest"/>
  <testcase name="locationCreationTest" time="16.550" classname="com.app.testcases.LocationcreationTest"/>
  <testcase name="locationCreationTest" time="20.709" classname="com.app.testcases.LocationcreationTest"/>
  <testcase name="locationCreationTest" time="20.294" classname="com.app.testcases.LocationcreationTest"/>
  <testcase name="locationCreationTest" time="24.431" classname="com.app.testcases.LocationcreationTest"/>
  <testcase name="locationCreationTest" time="23.271" classname="com.app.testcases.LocationcreationTest"/>
  <testcase name="locationCreationTest" time="23.394" classname="com.app.testcases.LocationcreationTest"/>
  <testcase name="locationCreationTest" time="23.419" classname="com.app.testcases.LocationcreationTest"/>
  <testcase name="locationCreationTest" time="23.663" classname="com.app.testcases.LocationcreationTest"/>
  <testcase name="locationCreationTest" time="22.163" classname="com.app.testcases.LocationcreationTest"/>
  <testcase name="locationCreationTest" time="22.774" classname="com.app.testcases.LocationcreationTest"/>
  <testcase name="locationCreationTest" time="15.013" classname="com.app.testcases.LocationcreationTest"/>
  <testcase name="locationCreationTest" time="21.127" classname="com.app.testcases.LocationcreationTest"/>
  <testcase name="locationCreationTest" time="21.879" classname="com.app.testcases.LocationcreationTest"/>
  <testcase name="locationCreationTest" time="23.509" classname="com.app.testcases.LocationcreationTest"/>
  <testcase name="locationCreationTest" time="19.000" classname="com.app.testcases.LocationcreationTest"/>
  <testcase name="locationCreationTest" time="20.988" classname="com.app.testcases.LocationcreationTest"/>
  <testcase name="locationCreationTest" time="24.529" classname="com.app.testcases.LocationcreationTest"/>
  <testcase name="locationCreationTest" time="23.870" classname="com.app.testcases.LocationcreationTest"/>
  <testcase name="locationCreationTest" time="18.765" classname="com.app.testcases.LocationcreationTest"/>
  <testcase name="locationCreationTest" time="22.516" classname="com.app.testcases.LocationcreationTest"/>
  <testcase name="locationCreationTest" time="19.731" classname="com.app.testcases.LocationcreationTest"/>
  <testcase name="locationCreationTest" time="23.379" classname="com.app.testcases.LocationcreationTest"/>
  <testcase name="locationCreationTest" time="22.960" classname="com.app.testcases.LocationcreationTest"/>
  <testcase name="locationCreationTest" time="22.908" classname="com.app.testcases.LocationcreationTest"/>
  <testcase name="locationCreationTest" time="23.412" classname="com.app.testcases.LocationcreationTest"/>
  <testcase name="locationCreationTest" time="21.645" classname="com.app.testcases.LocationcreationTest"/>
  <testcase name="locationCreationTest" time="17.262" classname="com.app.testcases.LocationcreationTest"/>
  <testcase name="locationCreationTest" time="24.047" classname="com.app.testcases.LocationcreationTest"/>
  <testcase name="locationCreationTest" time="23.667" classname="com.app.testcases.LocationcreationTest"/>
  <testcase name="locationCreationTest" time="17.838" classname="com.app.testcases.LocationcreationTest"/>
  <testcase name="locationCreationTest" time="21.835" classname="com.app.testcases.LocationcreationTest"/>
  <testcase name="locationCreationTest" time="16.660" classname="com.app.testcases.LocationcreationTest"/>
  <testcase name="locationCreationTest" time="22.579" classname="com.app.testcases.LocationcreationTest"/>
  <testcase name="locationCreationTest" time="27.078" classname="com.app.testcases.LocationcreationTest"/>
  <testcase name="locationCreationTest" time="16.760" classname="com.app.testcases.LocationcreationTest"/>
  <testcase name="locationCreationTest" time="26.217" classname="com.app.testcases.LocationcreationTest"/>
  <testcase name="locationCreationTest" time="24.486" classname="com.app.testcases.LocationcreationTest"/>
  <testcase name="locationCreationTest" time="21.872" classname="com.app.testcases.LocationcreationTest"/>
  <testcase name="locationCreationTest" time="17.708" classname="com.app.testcases.LocationcreationTest"/>
  <testcase name="locationCreationTest" time="22.058" classname="com.app.testcases.LocationcreationTest"/>
  <testcase name="locationCreationTest" time="15.154" classname="com.app.testcases.LocationcreationTest"/>
  <testcase name="locationCreationTest" time="22.793" classname="com.app.testcases.LocationcreationTest"/>
  <testcase name="locationCreationTest" time="15.209" classname="com.app.testcases.LocationcreationTest"/>
  <testcase name="locationCreationTest" time="20.095" classname="com.app.testcases.LocationcreationTest"/>
  <testcase name="locationCreationTest" time="22.270" classname="com.app.testcases.LocationcreationTest"/>
  <testcase name="locationCreationTest" time="22.134" classname="com.app.testcases.LocationcreationTest"/>
  <testcase name="locationCreationTest" time="22.168" classname="com.app.testcases.LocationcreationTest"/>
  <testcase name="locationCreationTest" time="24.219" classname="com.app.testcases.LocationcreationTest"/>
  <testcase name="locationCreationTest" time="23.588" classname="com.app.testcases.LocationcreationTest"/>
  <testcase name="locationCreationTest" time="21.821" classname="com.app.testcases.LocationcreationTest"/>
  <testcase name="locationCreationTest" time="23.073" classname="com.app.testcases.LocationcreationTest"/>
  <testcase name="locationCreationTest" time="22.294" classname="com.app.testcases.LocationcreationTest"/>
  <testcase name="locationCreationTest" time="14.778" classname="com.app.testcases.LocationcreationTest"/>
  <testcase name="locationCreationTest" time="22.633" classname="com.app.testcases.LocationcreationTest"/>
  <testcase name="locationCreationTest" time="24.372" classname="com.app.testcases.LocationcreationTest"/>
  <testcase name="locationCreationTest" time="22.972" classname="com.app.testcases.LocationcreationTest"/>
  <testcase name="locationCreationTest" time="21.874" classname="com.app.testcases.LocationcreationTest"/>
  <testcase name="locationCreationTest" time="22.540" classname="com.app.testcases.LocationcreationTest"/>
  <testcase name="locationCreationTest" time="21.748" classname="com.app.testcases.LocationcreationTest"/>
  <testcase name="locationCreationTest" time="38.809" classname="com.app.testcases.LocationcreationTest"/>
  <testcase name="locationCreationTest" time="15.303" classname="com.app.testcases.LocationcreationTest"/>
  <testcase name="locationCreationTest" time="22.644" classname="com.app.testcases.LocationcreationTest"/>
  <testcase name="locationCreationTest" time="21.494" classname="com.app.testcases.LocationcreationTest"/>
  <testcase name="locationCreationTest" time="23.186" classname="com.app.testcases.LocationcreationTest"/>
  <testcase name="locationCreationTest" time="16.800" classname="com.app.testcases.LocationcreationTest"/>
  <testcase name="locationCreationTest" time="22.710" classname="com.app.testcases.LocationcreationTest"/>
  <testcase name="locationCreationTest" time="17.679" classname="com.app.testcases.LocationcreationTest"/>
  <testcase name="locationCreationTest" time="19.187" classname="com.app.testcases.LocationcreationTest"/>
  <testcase name="locationCreationTest" time="22.469" classname="com.app.testcases.LocationcreationTest"/>
  <testcase name="locationCreationTest" time="15.378" classname="com.app.testcases.LocationcreationTest"/>
  <testcase name="locationCreationTest" time="21.706" classname="com.app.testcases.LocationcreationTest"/>
  <testcase name="locationCreationTest" time="18.224" classname="com.app.testcases.LocationcreationTest"/>
  <testcase name="locationCreationTest" time="24.129" classname="com.app.testcases.LocationcreationTest"/>
  <testcase name="locationCreationTest" time="15.195" classname="com.app.testcases.LocationcreationTest"/>
  <testcase name="locationCreationTest" time="22.243" classname="com.app.testcases.LocationcreationTest"/>
  <testcase name="locationCreationTest" time="21.380" classname="com.app.testcases.LocationcreationTest"/>
  <testcase name="locationCreationTest" time="15.366" classname="com.app.testcases.LocationcreationTest"/>
  <testcase name="locationCreationTest" time="23.796" classname="com.app.testcases.LocationcreationTest"/>
  <testcase name="locationCreationTest" time="21.691" classname="com.app.testcases.LocationcreationTest"/>
  <testcase name="locationCreationTest" time="18.683" classname="com.app.testcases.LocationcreationTest"/>
  <testcase name="locationCreationTest" time="22.341" classname="com.app.testcases.LocationcreationTest"/>
  <testcase name="locationCreationTest" time="25.432" classname="com.app.testcases.LocationcreationTest"/>
  <testcase name="locationCreationTest" time="16.565" classname="com.app.testcases.LocationcreationTest"/>
  <testcase name="locationCreationTest" time="23.480" classname="com.app.testcases.LocationcreationTest"/>
  <testcase name="locationCreationTest" time="22.478" classname="com.app.testcases.LocationcreationTest"/>
  <testcase name="locationCreationTest" time="21.818" classname="com.app.testcases.LocationcreationTest"/>
  <testcase name="locationCreationTest" time="23.411" classname="com.app.testcases.LocationcreationTest"/>
  <testcase name="locationCreationTest" time="22.684" classname="com.app.testcases.LocationcreationTest"/>
  <testcase name="locationCreationTest" time="18.924" classname="com.app.testcases.LocationcreationTest"/>
  <testcase name="locationCreationTest" time="24.358" classname="com.app.testcases.LocationcreationTest"/>
  <testcase name="locationCreationTest" time="18.060" classname="com.app.testcases.LocationcreationTest"/>
  <testcase name="locationCreationTest" time="21.186" classname="com.app.testcases.LocationcreationTest"/>
  <testcase name="locationCreationTest" time="23.071" classname="com.app.testcases.LocationcreationTest"/>
  <testcase name="locationCreationTest" time="22.357" classname="com.app.testcases.LocationcreationTest"/>
</testsuite> <!-- com.app.testcases.LocationcreationTest -->
