<?xml version="1.0" encoding="UTF-8"?>
<!-- Generated by org.testng.reporters.JUnitReportReporter -->
<testsuite hostname="AIPLLTH372" name="com.app.testcases.LoginPageTest" tests="1" failures="0" timestamp="16 Nov 2021 10:53:45 GMT" time="9.614" errors="0">
  <testcase name="loginTest" time="9.614" classname="com.app.testcases.LoginPageTest"/>
</testsuite> <!-- com.app.testcases.LoginPageTest -->
